<?xml version="1.0" encoding="UTF-8"?>
<!-- Generated by org.testng.reporters.JUnitReportReporter -->
<testsuite hostname="HW0625" name="com.OCSShopify.tests.OCSD365_PurchaseOrder" tests="1" failures="0" timestamp="29 Apr 2019 13:35:54 GMT" time="456.198" errors="0">
  <testcase name="OCSShopify_SalesOrder" time="456.198" classname="com.OCSShopify.tests.OCSD365_PurchaseOrder"/>
</testsuite> <!-- com.OCSShopify.tests.OCSD365_PurchaseOrder -->
