<?xml version="1.0" encoding="UTF-8"?>
<!-- Generated by org.testng.reporters.JUnitReportReporter -->
<testsuite hostname="HW0625" name="com.OCSShopify.tests.OCSShopify_SalesOrder" tests="1" failures="0" timestamp="29 Apr 2019 13:35:54 GMT" time="258.064" errors="0">
  <testcase name="OCSShopify_SalesOrder" time="258.064" classname="com.OCSShopify.tests.OCSShopify_SalesOrder"/>
</testsuite> <!-- com.OCSShopify.tests.OCSShopify_SalesOrder -->
